<?xml version="1.0" encoding="UTF-8"?>
<testng-results skipped="0" failed="0" total="4" passed="4">
  <reporter-output>
  </reporter-output>
  <suite name="Suite" duration-ms="79" started-at="2020-05-08T11:46:57Z" finished-at="2020-05-08T11:46:57Z">
    <groups>
    </groups>
    <test name="Test" duration-ms="79" started-at="2020-05-08T11:46:57Z" finished-at="2020-05-08T11:46:57Z">
      <class name="org.multibrows.MethodLevelParalle">
        <test-method status="PASS" signature="test1()[pri:0, instance:org.multibrows.MethodLevelParalle@75c072cb]" name="test1" duration-ms="22" started-at="2020-05-08T17:16:57Z" finished-at="2020-05-08T17:16:57Z">
          <reporter-output>
          </reporter-output>
        </test-method> <!-- test1 -->
        <test-method status="PASS" signature="test2()[pri:0, instance:org.multibrows.MethodLevelParalle@75c072cb]" name="test2" duration-ms="46" started-at="2020-05-08T17:16:57Z" finished-at="2020-05-08T17:16:57Z">
          <reporter-output>
          </reporter-output>
        </test-method> <!-- test2 -->
        <test-method status="PASS" signature="test4()[pri:0, instance:org.multibrows.MethodLevelParalle@75c072cb]" name="test4" duration-ms="23" started-at="2020-05-08T17:16:57Z" finished-at="2020-05-08T17:16:57Z">
          <reporter-output>
          </reporter-output>
        </test-method> <!-- test4 -->
        <test-method status="PASS" signature="test3()[pri:0, instance:org.multibrows.MethodLevelParalle@75c072cb]" name="test3" duration-ms="39" started-at="2020-05-08T17:16:57Z" finished-at="2020-05-08T17:16:57Z">
          <reporter-output>
          </reporter-output>
        </test-method> <!-- test3 -->
      </class> <!-- org.multibrows.MethodLevelParalle -->
    </test> <!-- Test -->
  </suite> <!-- Suite -->
</testng-results>
