<?xml version="1.0" encoding="UTF-8"?>
<!-- Generated by org.testng.reporters.JUnitXMLReporter -->
<testsuite hostname="DESKTOP-FF1NHT0" name="Test3" tests="1" failures="1" timestamp="8 May 2020 10:05:51 GMT" time="0.016" errors="0">
  <testcase name="test1" time="0.008" classname="org.multibrows.ExecuteClass">
    <failure type="java.lang.NoClassDefFoundError" message="org/openqa/selenium/os/WindowsUtils">
      <![CDATA[java.lang.NoClassDefFoundError: org/openqa/selenium/os/WindowsUtils
	at org.openqa.selenium.firefox.FirefoxBinary.locateFirefoxBinariesFromPlatform(FirefoxBinary.java:403)
	at org.openqa.selenium.firefox.FirefoxBinary.<init>(FirefoxBinary.java:109)
	at java.util.Optional.orElseGet(Unknown Source)
	at org.openqa.selenium.firefox.FirefoxOptions.getBinary(FirefoxOptions.java:217)
	at org.openqa.selenium.firefox.FirefoxDriver.toExecutor(FirefoxDriver.java:155)
	at org.openqa.selenium.firefox.FirefoxDriver.<init>(FirefoxDriver.java:120)
	at org.openqa.selenium.firefox.FirefoxDriver.<init>(FirefoxDriver.java:98)
	at org.multibrows.ExecuteClass.test1(ExecuteClass.java:31)
... Removed 24 stack frames]]>
    </failure>
  </testcase> <!-- test1 -->
</testsuite> <!-- Test3 -->
