<?xml version="1.0" encoding="UTF-8"?>
<!-- Generated by org.testng.reporters.JUnitXMLReporter -->
<testsuite hostname="DESKTOP-FF1NHT0" name="Test" tests="4" failures="0" timestamp="8 May 2020 11:46:57 GMT" time="0.079" errors="0">
  <testcase name="test1" time="0.022" classname="org.multibrows.MethodLevelParalle"/>
  <testcase name="test4" time="0.023" classname="org.multibrows.MethodLevelParalle"/>
  <testcase name="test3" time="0.039" classname="org.multibrows.MethodLevelParalle"/>
  <testcase name="test2" time="0.046" classname="org.multibrows.MethodLevelParalle"/>
</testsuite> <!-- Test -->
