<?xml version="1.0" encoding="UTF-8"?>
<testng-results skipped="0" failed="0" ignored="0" total="1" passed="1">
  <reporter-output>
  </reporter-output>
  <suite name="Suite" duration-ms="15713" started-at="2020-05-18T10:22:45Z" finished-at="2020-05-18T10:23:01Z">
    <groups>
    </groups>
    <test name="Test" duration-ms="15713" started-at="2020-05-18T10:22:45Z" finished-at="2020-05-18T10:23:01Z">
      <class name="org.adact.ExecutableClass">
        <test-method status="PASS" signature="test(java.lang.String, java.lang.String, java.lang.String, java.lang.String, java.lang.String, java.lang.String, java.lang.String)[pri:0, instance:org.adact.ExecutableClass@25b485ba]" name="test" duration-ms="15654" started-at="2020-05-18T10:22:45Z" data-provider="data" finished-at="2020-05-18T10:23:01Z">
          <params>
            <param index="0">
              <value>
                <![CDATA[kalidass]]>
              </value>
            </param>
            <param index="1">
              <value>
                <![CDATA[12345@]]>
              </value>
            </param>
            <param index="2">
              <value>
                <![CDATA[Yedhu]]>
              </value>
            </param>
            <param index="3">
              <value>
                <![CDATA[Mon]]>
              </value>
            </param>
            <param index="4">
              <value>
                <![CDATA[kanikudiyil]]>
              </value>
            </param>
            <param index="5">
              <value>
                <![CDATA[1234423145624562]]>
              </value>
            </param>
            <param index="6">
              <value>
                <![CDATA[456]]>
              </value>
            </param>
          </params>
          <reporter-output>
          </reporter-output>
        </test-method> <!-- test -->
      </class> <!-- org.adact.ExecutableClass -->
    </test> <!-- Test -->
  </suite> <!-- Suite -->
</testng-results>
